<?xml version="1.0" encoding="UTF-8"?>
<coverage generated="1702061794639" clover="3.2.0">
	<project timestamp="1702061794639"  name="All Files" >
		<metrics statements="4"  coveredstatements="4"  conditionals="2"  coveredconditionals="1"  methods="1"  coveredmethods="1"  elements="7"  coveredelements="6"  complexity="0"  packages="1"  files="1"  classes="1"  loc="5"  ncloc="5" />
		<package name="__root__" >
			<metrics statements="4"  coveredstatements="4"  conditionals="2"  coveredconditionals="1"  methods="1"  coveredmethods="1" />
			<file name="main.js"  path="main.js" >
				<metrics statements="4"  coveredstatements="4"  conditionals="2"  coveredconditionals="1"  methods="1"  coveredmethods="1" />
				<line num="1"  count="1"  type="stmt" />
				<line num="2"  count="1"  type="cond"  truecount="1"  falsecount="1" />
				<line num="3"  count="1"  type="stmt" />
				<line num="5"  count="1"  type="stmt" />
			</file>
		</package>
	</project>
</coverage>
