<?xml version="1.0" ?>
<!DOCTYPE coverage SYSTEM "http://cobertura.sourceforge.net/xml/coverage-04.dtd">
<coverage lines-valid="4"  lines-covered="4"  line-rate="1"  branches-valid="2"  branches-covered="1"  branch-rate="0.5"  timestamp="1702061794639" complexity="0" version="0.1">
<sources>
	<source>C:\Users\Bored\Documents\PersonalProjects\sqe\BackEnd</source>
</sources>
<packages>
	<package name="__root__"  line-rate="1"  branch-rate="0.5" >
	<classes>
		<class name="main.js"  filename="main.js"  line-rate="1"  branch-rate="0.5" >
		<methods>
			<method name="validateNumbers2"  hits="1"  signature="()V" >
				<lines><line number="1"  hits="1" /></lines>
			</method>
		</methods>
		<lines>
			<line number="1"  hits="1"  branch="false" />
			<line number="2"  hits="1"  branch="true"  condition-coverage="50% (1/2)" />
			<line number="3"  hits="1"  branch="false" />
			<line number="5"  hits="1"  branch="false" />
		</lines>
		</class>
	</classes>
	</package>
</packages>
</coverage>
