{
"main.js":{"path":"main.js","s":{"1":1,"2":1,"3":1,"4":1},"b":{"1":[1,0]},"f":{"1":1},"fnMap":{"1":{"name":"validateNumbers2","line":1,"loc":{"start":{"line":1,"column":0},"end":{"line":1,"column":29}}}},"statementMap":{"1":{"start":{"line":1,"column":0},"end":{"line":5,"column":1}},"2":{"start":{"line":2,"column":4},"end":{"line":4,"column":5}},"3":{"start":{"line":3,"column":8},"end":{"line":3,"column":20}},"4":{"start":{"line":5,"column":1},"end":{"line":5,"column":37}}},"branchMap":{"1":{"line":2,"type":"if","locations":[{"start":{"line":2,"column":4},"end":{"line":2,"column":4}},{"start":{"line":2,"column":4},"end":{"line":2,"column":4}}]}},"l":{"1":1,"2":1,"3":1,"5":1}}}
